<xml>
  <appId>wx28aa3e0a0346138f</appId>
  <secret>648b795319bb803bc38f2c7730f19541</secret>
<!--  <token></token>-->
<!--  <aesKey></aesKey>-->
<!--  <accessToken></accessToken>-->
<!--  <expiresTime></expiresTime>-->
  <openid>oYU6MuA4Esv-Fg3O9dWH_y4_uthY</openid>
  <partnerId>1349203001</partnerId>
  <partnerKey>leimingtech919292393988899904567</partnerKey>
<!--  <keyPath></keyPath>-->
  <templateId>M33lq4ybOMg5kzHdBpbVz3EP2G4O66M8GyRnsGJs63M</templateId>
<!--  <oauth2redirectUri></oauth2redirectUri>-->
<!--  <qrconnectRedirectUrl></qrconnectRedirectUrl>-->
<!--  <kfAccount></kfAccount>-->
</xml>
